f:\模拟器\wgui\sample\vs2015\lcdrefresh\lcdrefresh\lcdrefresh\debug\vc140.pdb
f:\模拟器\wgui\sample\vs2015\lcdrefresh\lcdrefresh\lcdrefresh\debug\vc140.idb
f:\模拟器\wgui\sample\vs2015\lcdrefresh\lcdrefresh\lcdrefresh\debug\simulater.obj
f:\模拟器\wgui\sample\vs2015\lcdrefresh\lcdrefresh\lcdrefresh\debug\main.obj
f:\模拟器\wgui\sample\vs2015\lcdrefresh\lcdrefresh\lcdrefresh\debug\template.obj
f:\模拟器\wgui\sample\vs2015\lcdrefresh\lcdrefresh\lcdrefresh\debug\core.obj
f:\模拟器\wgui\sample\vs2015\lcdrefresh\lcdrefresh\lcdrefresh\debug\font_0812.obj
f:\模拟器\wgui\sample\vs2015\lcdrefresh\lcdrefresh\lcdrefresh\debug\font.obj
f:\wgui\sample\vs2015\lcdrefresh\lcdrefresh\lcdrefresh\debug\vc140.pdb
f:\wgui\sample\vs2015\lcdrefresh\lcdrefresh\lcdrefresh\debug\vc140.idb
f:\wgui\sample\vs2015\lcdrefresh\lcdrefresh\lcdrefresh\debug\template.obj
f:\wgui\sample\vs2015\lcdrefresh\lcdrefresh\lcdrefresh\debug\simulater.obj
f:\wgui\sample\vs2015\lcdrefresh\lcdrefresh\lcdrefresh\debug\core.obj
f:\wgui\sample\vs2015\lcdrefresh\lcdrefresh\lcdrefresh\debug\font.obj
f:\wgui\sample\vs2015\lcdrefresh\lcdrefresh\lcdrefresh\debug\font_0812.obj
f:\wgui\sample\vs2015\lcdrefresh\lcdrefresh\lcdrefresh\debug\main.obj
f:\模拟器\wgui\sample\vs2015\lcdrefresh\lcdrefresh\debug\lcdrefresh.ilk
f:\模拟器\wgui\sample\vs2015\lcdrefresh\lcdrefresh\debug\lcdrefresh.exe
f:\模拟器\wgui\sample\vs2015\lcdrefresh\lcdrefresh\debug\lcdrefresh.pdb
f:\wgui\sample\vs2015\lcdrefresh\lcdrefresh\debug\lcdrefresh.ilk
f:\wgui\sample\vs2015\lcdrefresh\lcdrefresh\debug\lcdrefresh.exe
f:\wgui\sample\vs2015\lcdrefresh\lcdrefresh\debug\lcdrefresh.pdb
f:\wgui\sample\vs2015\lcdrefresh\lcdrefresh\lcdrefresh\debug\lcdrefresh.tlog\cl.command.1.tlog
f:\wgui\sample\vs2015\lcdrefresh\lcdrefresh\lcdrefresh\debug\lcdrefresh.tlog\cl.read.1.tlog
f:\wgui\sample\vs2015\lcdrefresh\lcdrefresh\lcdrefresh\debug\lcdrefresh.tlog\cl.write.1.tlog
f:\wgui\sample\vs2015\lcdrefresh\lcdrefresh\lcdrefresh\debug\lcdrefresh.tlog\link.command.1.tlog
f:\wgui\sample\vs2015\lcdrefresh\lcdrefresh\lcdrefresh\debug\lcdrefresh.tlog\link.read.1.tlog
f:\wgui\sample\vs2015\lcdrefresh\lcdrefresh\lcdrefresh\debug\lcdrefresh.tlog\link.write.1.tlog
